19:21:45.510 [DEBUG] [org.gradle.launcher.daemon.bootstrap.DaemonMain] Assuming the daemon was started with following jvm opts: [-XX:+HeapDumpOnOutOfMemoryError, -Xmx1024m, -Dfile.encoding=UTF-8, -Duser.country, -Duser.language=en, -Duser.variant]
19:21:46.383 [INFO] [org.gradle.launcher.daemon.server.Daemon] start() called on daemon - DefaultDaemonContext[uid=7eb60706-1013-4bd9-a218-a266850c0952,javaHome=/opt/jdk1.8.0_172,daemonRegistryDir=/app/cache/daemon,pid=32,idleTimeout=10800000,daemonOpts=-XX:+HeapDumpOnOutOfMemoryError,-Xmx1024m,-Dfile.encoding=UTF-8,-Duser.country,-Duser.language=en,-Duser.variant]
19:21:46.487 [DEBUG] [org.gradle.internal.remote.internal.inet.InetAddresses] Adding IP addresses for network interface eth0
19:21:46.490 [DEBUG] [org.gradle.internal.remote.internal.inet.InetAddresses] Is this a loopback interface? false
19:21:46.493 [DEBUG] [org.gradle.internal.remote.internal.inet.InetAddresses] Is this a multicast interface? true
19:21:46.497 [DEBUG] [org.gradle.internal.remote.internal.inet.InetAddresses] Adding remote address /172.18.0.3
19:21:46.500 [DEBUG] [org.gradle.internal.remote.internal.inet.InetAddresses] Adding remote multicast interface eth0
19:21:46.505 [DEBUG] [org.gradle.internal.remote.internal.inet.InetAddresses] Adding IP addresses for network interface lo
19:21:46.509 [DEBUG] [org.gradle.internal.remote.internal.inet.InetAddresses] Is this a loopback interface? true
19:21:46.512 [DEBUG] [org.gradle.internal.remote.internal.inet.InetAddresses] Is this a multicast interface? false
19:21:46.515 [DEBUG] [org.gradle.internal.remote.internal.inet.InetAddresses] Adding loopback address /127.0.0.1
19:21:46.523 [DEBUG] [org.gradle.internal.remote.internal.inet.TcpIncomingConnector] Listening on [80ff0aa8-e562-4a57-abc1-6c00f35a17f9 port:46325, addresses:[/127.0.0.1]].
19:21:46.540 [DEBUG] [org.gradle.launcher.daemon.server.Daemon] Daemon starting at: Tue May 08 19:21:46 GMT 2018, with address: [80ff0aa8-e562-4a57-abc1-6c00f35a17f9 port:46325, addresses:[/127.0.0.1]]
19:21:46.546 [INFO] [org.gradle.launcher.daemon.server.DaemonRegistryUpdater] Advertising the daemon address to the clients: [80ff0aa8-e562-4a57-abc1-6c00f35a17f9 port:46325, addresses:[/127.0.0.1]]
19:21:46.549 [DEBUG] [org.gradle.launcher.daemon.server.DaemonRegistryUpdater] Advertised daemon context: DefaultDaemonContext[uid=7eb60706-1013-4bd9-a218-a266850c0952,javaHome=/opt/jdk1.8.0_172,daemonRegistryDir=/app/cache/daemon,pid=32,idleTimeout=10800000,daemonOpts=-XX:+HeapDumpOnOutOfMemoryError,-Xmx1024m,-Dfile.encoding=UTF-8,-Duser.country,-Duser.language=en,-Duser.variant]
19:21:46.554 [DEBUG] [org.gradle.launcher.daemon.registry.PersistentDaemonRegistry] Storing daemon address: [80ff0aa8-e562-4a57-abc1-6c00f35a17f9 port:46325, addresses:[/127.0.0.1]], context: DefaultDaemonContext[uid=7eb60706-1013-4bd9-a218-a266850c0952,javaHome=/opt/jdk1.8.0_172,daemonRegistryDir=/app/cache/daemon,pid=32,idleTimeout=10800000,daemonOpts=-XX:+HeapDumpOnOutOfMemoryError,-Xmx1024m,-Dfile.encoding=UTF-8,-Duser.country,-Duser.language=en,-Duser.variant]
19:21:46.633 [DEBUG] [org.gradle.cache.internal.DefaultFileLockManager] Waiting to acquire exclusive lock on daemon addresses registry.
19:21:46.651 [DEBUG] [org.gradle.cache.internal.DefaultFileLockManager] Lock acquired on daemon addresses registry.
19:21:46.677 [DEBUG] [org.gradle.cache.internal.DefaultFileLockManager] Releasing lock on daemon addresses registry.
19:21:46.683 [LIFECYCLE] [org.gradle.launcher.daemon.server.Daemon] Daemon server started.
19:21:46.691 [DEBUG] [org.gradle.launcher.daemon.bootstrap.DaemonStartupCommunication] Completed writing the daemon greeting. Closing streams...
19:21:46.726 [DEBUG] [org.gradle.launcher.daemon.server.Daemon] stopOnExpiration() called on daemon
19:21:46.763 [DEBUG] [org.gradle.launcher.daemon.server.Daemon] awaitExpiration() called on daemon
19:21:46.776 [DEBUG] [org.gradle.launcher.daemon.server.DaemonStateCoordinator] daemon is running. Sleeping until state changes.
19:21:46.820 [DEBUG] [org.gradle.internal.remote.internal.inet.TcpIncomingConnector] Accepted connection from /127.0.0.1:58496 to /127.0.0.1:46325.
19:21:47.631 [DEBUG] [org.gradle.launcher.daemon.server.SynchronizedDispatchConnection] thread 14: received class org.gradle.launcher.daemon.protocol.Build
19:21:47.645 [DEBUG] [org.gradle.launcher.daemon.server.DefaultDaemonConnection] thread 14: Received non-IO message from client: Build{id=a7809790-4303-4cbe-bf7e-38be8967e987.1, currentDir=/app}
19:21:47.651 [INFO] [org.gradle.launcher.daemon.server.DefaultIncomingConnectionHandler] Received command: Build{id=a7809790-4303-4cbe-bf7e-38be8967e987.1, currentDir=/app}.
19:21:47.657 [DEBUG] [org.gradle.launcher.daemon.server.DefaultIncomingConnectionHandler] Starting executing command: Build{id=a7809790-4303-4cbe-bf7e-38be8967e987.1, currentDir=/app} with connection: socket connection from /127.0.0.1:46325 to /127.0.0.1:58496.
19:21:47.679 [ERROR] [org.gradle.launcher.daemon.server.DaemonStateCoordinator] Command execution: started DaemonCommandExecution[command = Build{id=a7809790-4303-4cbe-bf7e-38be8967e987.1, currentDir=/app}, connection = DefaultDaemonConnection: socket connection from /127.0.0.1:46325 to /127.0.0.1:58496] after 0.0 minutes of idle
19:21:47.687 [INFO] [org.gradle.launcher.daemon.server.DaemonRegistryUpdater] Marking the daemon as busy, address: [80ff0aa8-e562-4a57-abc1-6c00f35a17f9 port:46325, addresses:[/127.0.0.1]]
19:21:47.692 [DEBUG] [org.gradle.launcher.daemon.registry.PersistentDaemonRegistry] Marking busy by address: [80ff0aa8-e562-4a57-abc1-6c00f35a17f9 port:46325, addresses:[/127.0.0.1]]
19:21:47.720 [DEBUG] [org.gradle.cache.internal.DefaultFileLockManager] Waiting to acquire exclusive lock on daemon addresses registry.
19:21:47.728 [DEBUG] [org.gradle.cache.internal.DefaultFileLockManager] Lock acquired on daemon addresses registry.
19:21:47.758 [DEBUG] [org.gradle.cache.internal.DefaultFileLockManager] Releasing lock on daemon addresses registry.
19:21:47.766 [DEBUG] [org.gradle.launcher.daemon.server.DaemonStateCoordinator] resetting idle timer
19:21:47.769 [DEBUG] [org.gradle.launcher.daemon.server.DaemonStateCoordinator] daemon is running. Sleeping until state changes.
19:21:47.774 [INFO] [org.gradle.launcher.daemon.server.exec.StartBuildOrRespondWithBusy] Daemon is about to start building Build{id=a7809790-4303-4cbe-bf7e-38be8967e987.1, currentDir=/app}. Dispatching build started information...
19:21:47.783 [DEBUG] [org.gradle.launcher.daemon.server.SynchronizedDispatchConnection] thread 16: dispatching class org.gradle.launcher.daemon.protocol.BuildStarted
19:21:47.856 [DEBUG] [org.gradle.launcher.daemon.server.exec.EstablishBuildEnvironment] Configuring env variables: {PATH=/usr/local/sbin:/usr/local/bin:/usr/sbin:/usr/bin:/sbin:/bin:/opt/jdk/bin, JAVA_JCE=unlimited, SPRING_PROFILES_ACTIVE=dev, JAVA_HOME=/opt/jdk, OLDPWD=/app, GLIBC_VERSION=2.27-r0, LANG=C.UTF-8, JAVA_VERSION_MAJOR=8, GRADLE_USER_HOME=cache, HOSTNAME=d270eb3af336, GLIBC_REPO=https://github.com/sgerrand/alpine-pkg-glibc, JAVA_VERSION_MINOR=172, PWD=/app, JAVA_PACKAGE=jdk, JAVA_VERSION_BUILD=11, HOME=/root, SHLVL=1}
19:21:47.930 [DEBUG] [org.gradle.launcher.daemon.server.SynchronizedDispatchConnection] thread 14: received class org.gradle.launcher.daemon.protocol.CloseInput
19:21:47.934 [DEBUG] [org.gradle.launcher.daemon.server.DefaultDaemonConnection] thread 14: Received IO message from client: org.gradle.launcher.daemon.protocol.CloseInput@19357d93
19:21:47.976 [DEBUG] [org.gradle.launcher.daemon.server.exec.LogToClient] About to start relaying all logs to the client via the connection.
19:21:47.988 [INFO] [org.gradle.launcher.daemon.server.exec.LogToClient] The client will now receive all logging from the daemon (pid: 32). The daemon log file: /app/cache/daemon/4.5.1/daemon-32.out.log
19:21:47.994 [INFO] [org.gradle.launcher.daemon.server.exec.LogAndCheckHealth] Starting build in new daemon [memory: 954.7 MB]
19:21:48.007 [INFO] [org.gradle.launcher.daemon.server.exec.ForwardClientInput] Closing daemon's stdin at end of input.
19:21:48.011 [INFO] [org.gradle.launcher.daemon.server.exec.ForwardClientInput] The daemon will no longer process any standard input.
19:21:48.040 [DEBUG] [org.gradle.launcher.daemon.server.exec.ExecuteBuild] The daemon has started executing the build.
19:21:48.044 [DEBUG] [org.gradle.launcher.daemon.server.exec.ExecuteBuild] Executing build with daemon context: DefaultDaemonContext[uid=7eb60706-1013-4bd9-a218-a266850c0952,javaHome=/opt/jdk1.8.0_172,daemonRegistryDir=/app/cache/daemon,pid=32,idleTimeout=10800000,daemonOpts=-XX:+HeapDumpOnOutOfMemoryError,-Xmx1024m,-Dfile.encoding=UTF-8,-Duser.country,-Duser.language=en,-Duser.variant]
Download https://repo.maven.apache.org/maven2/org/springframework/boot/spring-boot-gradle-plugin/2.0.1.RELEASE/spring-boot-gradle-plugin-2.0.1.RELEASE.pom
Download https://repo.maven.apache.org/maven2/org/springframework/boot/spring-boot-tools/2.0.1.RELEASE/spring-boot-tools-2.0.1.RELEASE.pom
Download https://repo.maven.apache.org/maven2/org/springframework/boot/spring-boot-parent/2.0.1.RELEASE/spring-boot-parent-2.0.1.RELEASE.pom
Download https://repo.maven.apache.org/maven2/org/springframework/boot/spring-boot-dependencies/2.0.1.RELEASE/spring-boot-dependencies-2.0.1.RELEASE.pom
Download https://repo.maven.apache.org/maven2/com/fasterxml/jackson/jackson-bom/2.9.5/jackson-bom-2.9.5.pom
Download https://repo.maven.apache.org/maven2/com/fasterxml/jackson/jackson-parent/2.9.1/jackson-parent-2.9.1.pom
Download https://repo.maven.apache.org/maven2/com/fasterxml/oss-parent/30/oss-parent-30.pom
Download https://repo.maven.apache.org/maven2/io/netty/netty-bom/4.1.23.Final/netty-bom-4.1.23.Final.pom
Download https://repo.maven.apache.org/maven2/org/sonatype/oss/oss-parent/7/oss-parent-7.pom
Download https://repo.maven.apache.org/maven2/io/projectreactor/reactor-bom/Bismuth-SR8/reactor-bom-Bismuth-SR8.pom
Download https://repo.maven.apache.org/maven2/org/apache/logging/log4j/log4j-bom/2.10.0/log4j-bom-2.10.0.pom
Download https://repo.maven.apache.org/maven2/org/apache/logging/logging-parent/1/logging-parent-1.pom
Download https://repo.maven.apache.org/maven2/org/apache/apache/18/apache-18.pom
Download https://repo.maven.apache.org/maven2/org/eclipse/jetty/jetty-bom/9.4.9.v20180320/jetty-bom-9.4.9.v20180320.pom
Download https://repo.maven.apache.org/maven2/org/springframework/spring-framework-bom/5.0.5.RELEASE/spring-framework-bom-5.0.5.RELEASE.pom
Download https://repo.maven.apache.org/maven2/org/springframework/data/spring-data-releasetrain/Kay-SR6/spring-data-releasetrain-Kay-SR6.pom
Download https://repo.maven.apache.org/maven2/org/springframework/data/build/spring-data-build/2.0.6.RELEASE/spring-data-build-2.0.6.RELEASE.pom
Download https://repo.maven.apache.org/maven2/org/springframework/integration/spring-integration-bom/5.0.4.RELEASE/spring-integration-bom-5.0.4.RELEASE.pom
Download https://repo.maven.apache.org/maven2/org/springframework/security/spring-security-bom/5.0.4.RELEASE/spring-security-bom-5.0.4.RELEASE.pom
Download https://repo.maven.apache.org/maven2/org/springframework/session/spring-session-bom/Apple-SR1/spring-session-bom-Apple-SR1.pom
Download https://repo.maven.apache.org/maven2/io/spring/gradle/dependency-management-plugin/1.0.5.RELEASE/dependency-management-plugin-1.0.5.RELEASE.pom
Download https://repo.maven.apache.org/maven2/org/springframework/boot/spring-boot-loader-tools/2.0.1.RELEASE/spring-boot-loader-tools-2.0.1.RELEASE.pom
Download https://repo.maven.apache.org/maven2/org/apache/commons/commons-compress/1.14/commons-compress-1.14.pom
Download https://repo.maven.apache.org/maven2/org/apache/commons/commons-parent/42/commons-parent-42.pom
Download https://repo.maven.apache.org/maven2/org/springframework/spring-core/5.0.5.RELEASE/spring-core-5.0.5.RELEASE.pom
Download https://repo.maven.apache.org/maven2/io/netty/netty-bom/4.1.22.Final/netty-bom-4.1.22.Final.pom
Download https://repo.maven.apache.org/maven2/org/springframework/spring-jcl/5.0.5.RELEASE/spring-jcl-5.0.5.RELEASE.pom
Download https://repo.maven.apache.org/maven2/org/springframework/boot/spring-boot-loader-tools/2.0.1.RELEASE/spring-boot-loader-tools-2.0.1.RELEASE.jar
Download https://repo.maven.apache.org/maven2/org/springframework/boot/spring-boot-gradle-plugin/2.0.1.RELEASE/spring-boot-gradle-plugin-2.0.1.RELEASE.jar
Download https://repo.maven.apache.org/maven2/org/apache/commons/commons-compress/1.14/commons-compress-1.14.jar
Download https://repo.maven.apache.org/maven2/org/springframework/spring-core/5.0.5.RELEASE/spring-core-5.0.5.RELEASE.jar
Download https://repo.maven.apache.org/maven2/org/springframework/spring-jcl/5.0.5.RELEASE/spring-jcl-5.0.5.RELEASE.jar
Download https://repo.maven.apache.org/maven2/io/spring/gradle/dependency-management-plugin/1.0.5.RELEASE/dependency-management-plugin-1.0.5.RELEASE.jar

FAILURE: Build failed with an exception.

* What went wrong:
Could not determine the dependencies of task ':compileJava'.
> Could not create service of type FileContentCacheFactory using GradleScopeServices.createFileContentCacheFactory().

* Try:
Run with --stacktrace option to get the stack trace. Run with --info or --debug option to get more log output. Run with --scan to get full insights.

* Get more help at https://help.gradle.org

BUILD FAILED in 2m 7s

FAILURE: Build failed with an exception.

* What went wrong:
Failed to notify root build lifecycle listener.
> Could not update /app/cache/caches/4.5.1/file-changes/last-build.bin
> Could not update /app/.gradle/4.5.1/fileChanges/last-build.bin

* Try:
Run with --stacktrace option to get the stack trace. Run with --info or --debug option to get more log output. Run with --scan to get full insights.

* Get more help at https://help.gradle.org

BUILD FAILED in 2m 7s
19:22:56.637 [DEBUG] [org.gradle.launcher.daemon.server.exec.ExecuteBuild] The daemon has finished executing the build.
19:22:56.687 [DEBUG] [org.gradle.launcher.daemon.server.DaemonStateCoordinator] daemon is running. Sleeping until state changes.
19:22:56.698 [DEBUG] [org.gradle.launcher.daemon.server.DaemonStateCoordinator] Command execution: finished waiting for DaemonCommandExecution[command = Build{id=a7809790-4303-4cbe-bf7e-38be8967e987.1, currentDir=/app}, connection = DefaultDaemonConnection: socket connection from /127.0.0.1:46325 to /127.0.0.1:58496]. Result org.gradle.launcher.daemon.server.DaemonStateCoordinator@631b26aa with state Busy
19:22:56.715 [DEBUG] [org.gradle.launcher.daemon.server.DaemonStateCoordinator] Command execution: completed DaemonCommandExecution[command = Build{id=a7809790-4303-4cbe-bf7e-38be8967e987.1, currentDir=/app}, connection = DefaultDaemonConnection: socket connection from /127.0.0.1:46325 to /127.0.0.1:58496]
19:22:56.718 [DEBUG] [org.gradle.launcher.daemon.server.DaemonStateCoordinator] resetting idle timer
19:22:56.725 [INFO] [org.gradle.launcher.daemon.server.DaemonRegistryUpdater] Marking the daemon as idle, address: [80ff0aa8-e562-4a57-abc1-6c00f35a17f9 port:46325, addresses:[/127.0.0.1]]
19:22:56.730 [DEBUG] [org.gradle.launcher.daemon.registry.PersistentDaemonRegistry] Marking busy by address: [80ff0aa8-e562-4a57-abc1-6c00f35a17f9 port:46325, addresses:[/127.0.0.1]]
19:22:56.747 [DEBUG] [org.gradle.cache.internal.DefaultFileLockManager] Waiting to acquire exclusive lock on daemon addresses registry.
19:22:56.764 [DEBUG] [org.gradle.launcher.daemon.server.Daemon] DaemonExpirationPeriodicCheck running
19:22:56.767 [DEBUG] [org.gradle.cache.internal.DefaultFileLockManager] Lock acquired on daemon addresses registry.
19:22:56.812 [DEBUG] [org.gradle.cache.internal.DefaultFileLockManager] Releasing lock on daemon addresses registry.
19:22:56.852 [DEBUG] [org.gradle.launcher.daemon.server.Daemon] stop() called on daemon
19:22:56.857 [WARN] [org.gradle.launcher.daemon.server.DefaultIncomingConnectionHandler] Unable to execute command Build{id=a7809790-4303-4cbe-bf7e-38be8967e987.1, currentDir=/app} from socket connection from /127.0.0.1:46325 to /127.0.0.1:58496. Dispatching the failure to the daemon client
org.gradle.api.GradleException: Could not write cache value to '/app/cache/daemon/4.5.1/registry.bin'.
	at org.gradle.cache.internal.SimpleStateCache.serialize(SimpleStateCache.java:124)
	at org.gradle.cache.